2023-07-13 23:27:20,683 : INFO : Test_homepage : test_inputfield_001 : 12 : ******** test_inputfield_001 *********
2023-07-13 23:27:23,684 : INFO : Test_homepage : test_inputfield_001 : 15 : Opening Url : https://seleniumbase.io/demo_page
2023-07-13 23:27:23,751 : INFO : Test_homepage : test_inputfield_001 : 18 : Enter the text Automationin text box 
2023-07-13 23:27:23,766 : INFO : Test_homepage : test_inputfield_001 : 22 : input text is validated and correct
2023-07-14 04:39:14,436 : INFO : Test_homepage : test_inputfield_001 : 12 : ******** test_inputfield_001 *********
2023-07-14 04:39:16,833 : INFO : Test_homepage : test_inputfield_001 : 15 : Opening Url : https://seleniumbase.io/demo_page
2023-07-14 04:39:16,970 : INFO : Test_homepage : test_inputfield_001 : 18 : Enter the text Automationin text box 
2023-07-14 04:39:17,000 : CRITICAL : Test_homepage : test_inputfield_001 : 25 :  data Validation Fail
2023-07-14 04:42:15,614 : INFO : Test_homepage : test_inputfield_001 : 12 : ******** test_inputfield_001 *********
2023-07-14 04:42:16,958 : INFO : Test_homepage : test_inputfield_001 : 15 : Opening Url : https://seleniumbase.io/demo_page
2023-07-14 04:42:17,081 : INFO : Test_homepage : test_inputfield_001 : 18 : Enter the text Automationin text box 
2023-07-14 04:42:17,099 : CRITICAL : Test_homepage : test_inputfield_001 : 25 :  data Validation Fail
2023-07-14 04:43:23,980 : INFO : Test_homepage : test_inputfield_001 : 12 : ******** test_inputfield_001 *********
2023-07-14 04:43:25,176 : INFO : Test_homepage : test_inputfield_001 : 15 : Opening Url : https://seleniumbase.io/demo_page
2023-07-14 04:43:25,277 : INFO : Test_homepage : test_inputfield_001 : 18 : Enter the text Automatioin text box 
2023-07-14 04:43:25,308 : CRITICAL : Test_homepage : test_inputfield_001 : 25 :  data Validation Fail
2023-07-14 04:44:01,484 : INFO : Test_homepage : test_inputfield_001 : 12 : ******** test_inputfield_001 *********
2023-07-14 04:44:03,103 : INFO : Test_homepage : test_inputfield_001 : 15 : Opening Url : https://seleniumbase.io/demo_page
2023-07-14 04:44:03,211 : INFO : Test_homepage : test_inputfield_001 : 18 : Enter the text Automationin text box 
2023-07-14 04:44:03,234 : INFO : Test_homepage : test_inputfield_001 : 22 : input text is validated and correct
2023-07-14 04:44:47,034 : INFO : Test_homepage : test_inputfield_001 : 12 : ******** test_inputfield_001 *********
2023-07-14 04:44:48,284 : INFO : Test_homepage : test_inputfield_001 : 15 : Opening Url : https://seleniumbase.io/demo_page
2023-07-14 04:44:48,406 : INFO : Test_homepage : test_inputfield_001 : 18 : Enter the text Automationin text box 
2023-07-14 04:44:48,433 : INFO : Test_homepage : test_inputfield_001 : 22 : input text is validated and correct
2023-07-14 04:45:27,836 : INFO : Test_homepage : test_inputfield_001 : 12 : ******** test_inputfield_001 *********
2023-07-14 04:45:29,145 : INFO : Test_homepage : test_inputfield_001 : 15 : Opening Url : https://seleniumbase.io/demo_page
2023-07-14 04:45:29,256 : INFO : Test_homepage : test_inputfield_001 : 18 : Enter the text Automationin text box 
2023-07-14 04:45:29,275 : INFO : Test_homepage : test_inputfield_001 : 22 : input text is validated and correct
2023-07-14 04:55:22,781 : INFO : Test_homepage : test_inputfield_001 : 12 : ******** test_inputfield_001 *********
2023-07-14 04:55:24,391 : INFO : Test_homepage : test_inputfield_001 : 15 : Opening Url : https://seleniumbase.io/demo_page
2023-07-14 04:55:24,475 : INFO : Test_homepage : test_inputfield_001 : 18 : Enter the text Automationin text box 
2023-07-14 04:55:24,499 : INFO : Test_homepage : test_inputfield_001 : 22 : input text is validated and correct
2023-07-14 04:55:51,869 : INFO : Test_homepage : test_inputfield_001 : 12 : ******** test_inputfield_001 *********
2023-07-14 04:55:53,093 : INFO : Test_homepage : test_inputfield_001 : 15 : Opening Url : https://seleniumbase.io/demo_page
2023-07-14 04:55:53,181 : INFO : Test_homepage : test_inputfield_001 : 18 : Enter the text Automationin text box 
2023-07-14 04:55:53,206 : INFO : Test_homepage : test_inputfield_001 : 22 : input text is validated and correct
2023-07-14 04:56:52,174 : INFO : Test_homepage : test_inputfield_001 : 12 : ******** test_inputfield_001 *********
2023-07-14 04:56:53,561 : INFO : Test_homepage : test_inputfield_001 : 15 : Opening Url : https://seleniumbase.io/demo_page
2023-07-14 04:56:53,795 : INFO : Test_homepage : test_inputfield_001 : 18 : Enter the text Automationin text box 
2023-07-14 04:56:53,819 : INFO : Test_homepage : test_inputfield_001 : 22 : input text is validated and correct
2023-07-14 04:57:23,455 : INFO : Test_homepage : test_inputfield_001 : 12 : ******** test_inputfield_001 *********
2023-07-14 04:57:24,651 : INFO : Test_homepage : test_inputfield_001 : 15 : Opening Url : https://seleniumbase.io/demo_page
2023-07-14 04:57:24,731 : INFO : Test_homepage : test_inputfield_001 : 18 : Enter the text Automationin text box 
2023-07-14 04:57:24,756 : INFO : Test_homepage : test_inputfield_001 : 22 : input text is validated and correct
2023-07-14 04:58:17,635 : INFO : Test_homepage : test_inputfield_001 : 12 : ******** test_inputfield_001 *********
2023-07-14 04:58:18,912 : INFO : Test_homepage : test_inputfield_001 : 15 : Opening Url : https://seleniumbase.io/demo_page
2023-07-14 04:58:19,000 : INFO : Test_homepage : test_inputfield_001 : 18 : Enter the text Automationin text box 
2023-07-14 04:58:19,024 : INFO : Test_homepage : test_inputfield_001 : 22 : input text is validated and correct
2023-07-14 04:59:43,263 : INFO : Test_homepage : test_inputfield_001 : 12 : ******** test_inputfield_001 *********
2023-07-14 04:59:44,479 : INFO : Test_homepage : test_inputfield_001 : 15 : Opening Url : https://seleniumbase.io/demo_page
2023-07-14 04:59:44,621 : INFO : Test_homepage : test_inputfield_001 : 18 : Enter the text Automationin text box 
2023-07-14 04:59:44,647 : INFO : Test_homepage : test_inputfield_001 : 22 : input text is validated and correct
2023-07-14 05:06:15,452 : INFO : Test_homepage : test_inputfield_001 : 12 : ******** test_inputfield_001 *********
2023-07-14 05:07:04,008 : INFO : Test_homepage : test_inputfield_001 : 12 : ******** test_inputfield_001 *********
2023-07-14 05:07:05,406 : INFO : Test_homepage : test_inputfield_001 : 15 : Opening Url : https://seleniumbase.io/demo_page
2023-07-14 05:07:05,510 : INFO : Test_homepage : test_inputfield_001 : 18 : Enter the text Automationin text box 
2023-07-14 05:07:05,543 : INFO : Test_homepage : test_inputfield_001 : 22 : input text is validated and correct
2023-07-14 05:08:28,966 : INFO : Test_homepage : test_inputfield_001 : 12 : ******** test_inputfield_001 *********
2023-07-14 05:08:29,934 : INFO : Test_homepage : test_inputfield_001 : 15 : Opening Url : https://seleniumbase.io/demo_page
2023-07-14 05:08:30,060 : INFO : Test_homepage : test_inputfield_001 : 18 : Enter the text Automationin text box 
2023-07-14 05:08:30,085 : INFO : Test_homepage : test_inputfield_001 : 22 : input text is validated and correct
2023-07-14 05:13:50,282 : INFO : Test_homepage : test_inputfield_001 : 12 : ******** test_inputfield_001 *********
2023-07-14 05:13:51,424 : INFO : Test_homepage : test_inputfield_001 : 15 : Opening Url : https://seleniumbase.io/demo_page
2023-07-14 05:13:51,628 : INFO : Test_homepage : test_inputfield_001 : 18 : Enter the text Automationin text box 
2023-07-14 05:13:51,660 : INFO : Test_homepage : test_inputfield_001 : 22 : input text is validated and correct
2023-07-14 05:21:13,876 : INFO : Test_homepage : test_inputfield_001 : 12 : ******** test_inputfield_001 *********
2023-07-14 05:21:15,024 : INFO : Test_homepage : test_inputfield_001 : 15 : Opening Url : https://seleniumbase.io/demo_page
2023-07-14 05:21:15,122 : INFO : Test_homepage : test_inputfield_001 : 18 : Enter the text Automationin text box 
2023-07-14 05:21:15,134 : INFO : Test_homepage : test_inputfield_001 : 22 : input text is validated and correct
2023-07-14 05:22:04,296 : INFO : Test_homepage : test_inputfield_001 : 12 : ******** test_inputfield_001 *********
2023-07-14 05:22:05,231 : INFO : Test_homepage : test_inputfield_001 : 15 : Opening Url : https://seleniumbase.io/demo_page
2023-07-14 05:22:05,362 : INFO : Test_homepage : test_inputfield_001 : 18 : Enter the text Automationin text box 
2023-07-14 05:22:05,387 : INFO : Test_homepage : test_inputfield_001 : 22 : input text is validated and correct
2023-07-14 05:26:42,711 : INFO : Test_homepage : test_inputfield_001 : 12 : ******** test_inputfield_001 *********
2023-07-14 05:26:43,647 : INFO : Test_homepage : test_inputfield_001 : 15 : Opening Url : https://seleniumbase.io/demo_page
2023-07-14 05:26:43,777 : INFO : Test_homepage : test_inputfield_001 : 18 : Enter the text Automationin text box 
2023-07-14 05:26:43,811 : INFO : Test_homepage : test_inputfield_001 : 22 : input text is validated and correct
2023-07-14 05:29:19,334 : INFO : Test_homepage : test_inputfield_001 : 12 : ******** test_inputfield_001 *********
2023-07-14 05:29:20,273 : INFO : Test_homepage : test_inputfield_001 : 15 : Opening Url : https://seleniumbase.io/demo_page
2023-07-14 05:29:20,377 : INFO : Test_homepage : test_inputfield_001 : 18 : Enter the text Automationin text box 
2023-07-14 05:29:20,389 : INFO : Test_homepage : test_inputfield_001 : 22 : input text is validated and correct
2023-07-14 05:32:12,045 : INFO : Test_homepage : test_inputfield_001 : 12 : ******** test_inputfield_001 *********
2023-07-14 05:32:13,256 : INFO : Test_homepage : test_inputfield_001 : 15 : Opening Url : https://seleniumbase.io/demo_page
2023-07-14 05:32:13,432 : INFO : Test_homepage : test_inputfield_001 : 18 : Enter the text Automationin text box 
2023-07-14 05:32:13,660 : INFO : Test_homepage : test_inputfield_001 : 22 : input text is validated and correct
2023-07-14 05:59:00,400 : INFO : Test_homepage : test_inputfield_001 : 13 : ******** test_inputfield_001 *********
2023-07-14 05:59:01,802 : INFO : Test_homepage : test_inputfield_001 : 16 : Opening Url : https://seleniumbase.io/demo_page
2023-07-14 05:59:01,933 : INFO : Test_homepage : test_inputfield_001 : 19 : Enter the text Automationin text box 
2023-07-14 05:59:01,949 : INFO : Test_homepage : test_inputfield_001 : 23 : input text is validated and correct
2023-07-14 07:10:28,104 : INFO : Test_homepage : test_inputfield_001 : 13 : ******** test_inputfield_001 *********
2023-07-14 07:10:29,697 : INFO : Test_homepage : test_inputfield_001 : 16 : Opening Url : https://seleniumbase.io/demo_page
2023-07-14 07:10:29,771 : INFO : Test_homepage : test_inputfield_001 : 19 : Enter the text Automationin text box 
2023-07-14 07:10:29,788 : INFO : Test_homepage : test_inputfield_001 : 23 : input text is validated and correct
2023-07-14 07:10:39,176 : INFO : Test_login : test_login_002 : 15 : Opening Orange HRM URL
2023-07-14 07:10:39,298 : INFO : Test_login : test_login_002 : 17 : Maximize window
2023-07-14 07:13:45,124 : INFO : Test_homepage : test_inputfield_001 : 13 : ******** test_inputfield_001 *********
2023-07-14 07:13:46,048 : INFO : Test_homepage : test_inputfield_001 : 16 : Opening Url : https://seleniumbase.io/demo_page
2023-07-14 07:13:46,112 : INFO : Test_homepage : test_inputfield_001 : 19 : Enter the text Automationin text box 
2023-07-14 07:13:46,128 : INFO : Test_homepage : test_inputfield_001 : 23 : input text is validated and correct
2023-07-14 07:13:55,410 : INFO : Test_login : test_login_002 : 15 : Opening Orange HRM URL
2023-07-14 07:13:55,524 : INFO : Test_login : test_login_002 : 17 : Maximize window
2023-07-14 07:13:55,975 : INFO : Test_login : test_login_002 : 21 : Entering Username as :  Admin
2023-07-14 07:13:56,022 : INFO : Test_login : test_login_002 : 23 : Entering Password as :  admin123
2023-07-14 07:13:56,069 : INFO : Test_login : test_login_002 : 26 : click on login button
2023-07-14 07:16:04,004 : INFO : Test_homepage : test_inputfield_001 : 13 : ******** test_inputfield_001 *********
2023-07-14 07:16:04,921 : INFO : Test_homepage : test_inputfield_001 : 16 : Opening Url : https://seleniumbase.io/demo_page
2023-07-14 07:16:05,000 : INFO : Test_homepage : test_inputfield_001 : 19 : Enter the text Automationin text box 
2023-07-14 07:16:05,011 : INFO : Test_homepage : test_inputfield_001 : 23 : input text is validated and correct
2023-07-14 07:16:13,167 : INFO : Test_login : test_login_002 : 15 : Opening Orange HRM URL
2023-07-14 07:16:13,291 : INFO : Test_login : test_login_002 : 17 : Maximize window
2023-07-14 07:16:13,775 : INFO : Test_login : test_login_002 : 21 : Entering Username as :  Admin
2023-07-14 07:16:13,824 : INFO : Test_login : test_login_002 : 23 : Entering Password as :  admin123
2023-07-14 07:16:15,085 : INFO : Test_login : test_login_002 : 26 : click on login button
2023-07-14 07:16:15,522 : INFO : Test_login : test_login_002 : 30 : Login Sucessfull, Test Passed
2023-07-14 07:49:58,760 : INFO : Test_homepage : test_inputfield_001 : 13 : ******** test_inputfield_001 *********
2023-07-14 07:50:01,150 : INFO : Test_homepage : test_inputfield_001 : 16 : Opening Url : https://seleniumbase.io/demo_page
2023-07-14 07:50:01,218 : INFO : Test_homepage : test_inputfield_001 : 19 : Enter the text Automationin text box 
2023-07-14 07:50:01,235 : INFO : Test_homepage : test_inputfield_001 : 23 : input text is validated and correct
2023-07-14 07:50:04,777 : INFO : Test_orangeHRM_DDT : test_orangehrm_login_DDT_003 : 17 : ************** test_orangehrm_login_DDT_003 ***************** 
2023-07-14 07:50:10,539 : INFO : Test_orangeHRM_DDT : test_orangehrm_login_DDT_003 : 19 : Orange HRM URL opened 
2023-07-14 07:50:17,550 : INFO : Test_login : test_login_002 : 15 : Opening Orange HRM URL
2023-07-14 07:50:17,668 : INFO : Test_login : test_login_002 : 17 : Maximize window
2023-07-14 07:50:18,309 : INFO : Test_login : test_login_002 : 21 : Entering Username as :  Admin
2023-07-14 07:50:18,361 : INFO : Test_login : test_login_002 : 23 : Entering Password as :  admin123
2023-07-14 07:50:18,415 : INFO : Test_login : test_login_002 : 26 : click on login button
2023-07-14 07:50:20,032 : INFO : Test_login : test_login_002 : 30 : Login Sucessfull, Test Passed
2023-07-14 07:58:55,963 : INFO : Test_homepage : test_inputfield_001 : 16 : ******** test_inputfield_001 *********
2023-07-14 07:58:56,807 : INFO : Test_homepage : test_inputfield_001 : 19 : Opening Url : https://seleniumbase.io/demo_page
2023-07-14 07:58:56,916 : INFO : Test_homepage : test_inputfield_001 : 22 : Enter the text Automationin text box 
2023-07-14 07:58:56,975 : INFO : Test_homepage : test_inputfield_001 : 26 : input text is validated and correct
2023-07-14 07:59:04,738 : INFO : Test_login : test_login_002 : 18 : Opening Orange HRM URL
2023-07-14 07:59:04,861 : INFO : Test_login : test_login_002 : 20 : Maximize window
2023-07-14 07:59:05,343 : INFO : Test_login : test_login_002 : 24 : Entering Username as :  Admin
2023-07-14 07:59:05,394 : INFO : Test_login : test_login_002 : 26 : Entering Password as :  admin123
2023-07-14 07:59:06,812 : INFO : Test_login : test_login_002 : 29 : click on login button
2023-07-14 07:59:07,790 : INFO : Test_login : test_login_002 : 33 : Login Sucessfull, Test Passed
2023-07-14 07:59:41,178 : INFO : Test_orangeHRM_DDT : test_orangehrm_login_ddt_003 : 20 : ************** test_orangehrm_login_DDT_003 ***************** 
2023-07-14 07:59:45,362 : INFO : Test_orangeHRM_DDT : test_orangehrm_login_ddt_003 : 22 : Orange HRM URL opened 
2023-07-14 07:59:45,975 : INFO : Test_orangeHRM_DDT : test_orangehrm_login_ddt_003 : 33 : Username --> Admin  entered
2023-07-14 07:59:46,037 : INFO : Test_orangeHRM_DDT : test_orangehrm_login_ddt_003 : 35 : password --> admin123  entered
2023-07-14 07:59:47,332 : INFO : Test_orangeHRM_DDT : test_orangehrm_login_ddt_003 : 37 : clicking on Login Button
2023-07-14 07:59:47,764 : INFO : Test_orangeHRM_DDT : test_orangehrm_login_ddt_003 : 43 : clicking on profile Button
2023-07-14 07:59:49,553 : INFO : Test_orangeHRM_DDT : test_orangehrm_login_ddt_003 : 45 : Clicking on Logout button
2023-07-14 07:59:49,902 : INFO : Test_orangeHRM_DDT : test_orangehrm_login_ddt_003 : 33 : Username --> admin  entered
2023-07-14 07:59:49,966 : INFO : Test_orangeHRM_DDT : test_orangehrm_login_ddt_003 : 35 : password --> Admin123  entered
2023-07-14 07:59:50,006 : INFO : Test_orangeHRM_DDT : test_orangehrm_login_ddt_003 : 37 : clicking on Login Button
2023-07-14 08:04:21,660 : INFO : Test_orangeHRM_DDT : test_orangehrm_login_ddt_003 : 20 : ************** test_orangehrm_login_DDT_003 ***************** 
2023-07-14 08:04:27,801 : INFO : Test_orangeHRM_DDT : test_orangehrm_login_ddt_003 : 22 : Orange HRM URL opened 
2023-07-14 08:04:28,419 : INFO : Test_orangeHRM_DDT : test_orangehrm_login_ddt_003 : 33 : Username --> Admin  entered
2023-07-14 08:04:28,484 : INFO : Test_orangeHRM_DDT : test_orangehrm_login_ddt_003 : 35 : password --> admin123  entered
2023-07-14 08:07:41,916 : INFO : Test_orangeHRM_DDT : test_orangehrm_login_ddt_003 : 22 : ************** test_orangehrm_login_DDT_003 ***************** 
2023-07-14 08:07:47,405 : INFO : Test_orangeHRM_DDT : test_orangehrm_login_ddt_003 : 24 : Orange HRM URL opened 
2023-07-14 08:07:48,096 : INFO : Test_orangeHRM_DDT : test_orangehrm_login_ddt_003 : 34 : Username --> Admin  entered
2023-07-14 08:07:48,200 : INFO : Test_orangeHRM_DDT : test_orangehrm_login_ddt_003 : 36 : password --> admin123  entered
2023-07-14 08:08:47,803 : INFO : Test_orangeHRM_DDT : test_orangehrm_login_ddt_003 : 22 : ************** test_orangehrm_login_DDT_003 ***************** 
2023-07-14 08:08:51,644 : INFO : Test_orangeHRM_DDT : test_orangehrm_login_ddt_003 : 24 : Orange HRM URL opened 
2023-07-14 08:08:52,343 : INFO : Test_orangeHRM_DDT : test_orangehrm_login_ddt_003 : 34 : Username --> Admin  entered
2023-07-14 08:08:52,416 : INFO : Test_orangeHRM_DDT : test_orangehrm_login_ddt_003 : 36 : password --> admin123  entered
2023-07-14 08:08:58,058 : INFO : Test_orangeHRM_DDT : test_orangehrm_login_ddt_003 : 40 : clicking on Login Button
2023-07-14 08:08:58,117 : INFO : Test_orangeHRM_DDT : test_orangehrm_login_ddt_003 : 46 : clicking on profile Button
2023-07-14 08:09:00,800 : INFO : Test_orangeHRM_DDT : test_orangehrm_login_ddt_003 : 49 : Clicking on Logout button
2023-07-14 08:09:00,854 : INFO : Test_orangeHRM_DDT : test_orangehrm_login_ddt_003 : 34 : Username --> admin  entered
2023-07-14 08:09:00,912 : INFO : Test_orangeHRM_DDT : test_orangehrm_login_ddt_003 : 36 : password --> Admin123  entered
2023-07-14 08:09:04,950 : INFO : Test_orangeHRM_DDT : test_orangehrm_login_ddt_003 : 40 : clicking on Login Button
2023-07-14 08:10:09,330 : INFO : Test_orangeHRM_DDT : test_orangehrm_login_ddt_003 : 22 : ************** test_orangehrm_login_DDT_003 ***************** 
2023-07-14 08:10:13,588 : INFO : Test_orangeHRM_DDT : test_orangehrm_login_ddt_003 : 24 : Orange HRM URL opened 
2023-07-14 08:10:14,302 : INFO : Test_orangeHRM_DDT : test_orangehrm_login_ddt_003 : 34 : Username --> Admin  entered
2023-07-14 08:10:14,363 : INFO : Test_orangeHRM_DDT : test_orangehrm_login_ddt_003 : 36 : password --> admin123  entered
2023-07-14 08:10:18,432 : INFO : Test_orangeHRM_DDT : test_orangehrm_login_ddt_003 : 40 : clicking on Login Button
2023-07-14 08:10:18,482 : INFO : Test_orangeHRM_DDT : test_orangehrm_login_ddt_003 : 46 : clicking on profile Button
2023-07-14 08:10:22,975 : INFO : Test_orangeHRM_DDT : test_orangehrm_login_ddt_003 : 49 : Clicking on Logout button
2023-07-14 08:10:23,032 : INFO : Test_orangeHRM_DDT : test_orangehrm_login_ddt_003 : 34 : Username --> admin  entered
2023-07-14 08:10:23,079 : INFO : Test_orangeHRM_DDT : test_orangehrm_login_ddt_003 : 36 : password --> Admin123  entered
2023-07-14 08:10:27,140 : INFO : Test_orangeHRM_DDT : test_orangehrm_login_ddt_003 : 40 : clicking on Login Button
2023-07-14 08:11:40,529 : INFO : Test_orangeHRM_DDT : test_orangehrm_login_ddt_003 : 22 : ************** test_orangehrm_login_DDT_003 ***************** 
2023-07-14 08:11:46,673 : INFO : Test_orangeHRM_DDT : test_orangehrm_login_ddt_003 : 24 : Orange HRM URL opened 
2023-07-14 08:12:29,917 : INFO : Test_orangeHRM_DDT : test_orangehrm_login_ddt_003 : 22 : ************** test_orangehrm_login_DDT_003 ***************** 
2023-07-14 08:12:35,018 : INFO : Test_orangeHRM_DDT : test_orangehrm_login_ddt_003 : 24 : Orange HRM URL opened 
2023-07-14 08:12:38,213 : INFO : Test_orangeHRM_DDT : test_orangehrm_login_ddt_003 : 35 : Username --> Admin  entered
2023-07-14 08:12:38,252 : INFO : Test_orangeHRM_DDT : test_orangehrm_login_ddt_003 : 37 : password --> admin123  entered
2023-07-14 08:12:42,324 : INFO : Test_orangeHRM_DDT : test_orangehrm_login_ddt_003 : 41 : clicking on Login Button
2023-07-14 08:13:08,112 : INFO : Test_orangeHRM_DDT : test_orangehrm_login_ddt_003 : 22 : ************** test_orangehrm_login_DDT_003 ***************** 
2023-07-14 08:13:12,379 : INFO : Test_orangeHRM_DDT : test_orangehrm_login_ddt_003 : 24 : Orange HRM URL opened 
2023-07-14 08:13:15,556 : INFO : Test_orangeHRM_DDT : test_orangehrm_login_ddt_003 : 35 : Username --> Admin  entered
2023-07-14 08:13:15,611 : INFO : Test_orangeHRM_DDT : test_orangehrm_login_ddt_003 : 37 : password --> admin123  entered
2023-07-14 08:13:19,685 : INFO : Test_orangeHRM_DDT : test_orangehrm_login_ddt_003 : 41 : clicking on Login Button
2023-07-14 08:13:19,741 : INFO : Test_orangeHRM_DDT : test_orangehrm_login_ddt_003 : 47 : clicking on profile Button
2023-07-14 08:13:24,083 : INFO : Test_orangeHRM_DDT : test_orangehrm_login_ddt_003 : 50 : Clicking on Logout button
2023-07-14 08:13:24,131 : INFO : Test_orangeHRM_DDT : test_orangehrm_login_ddt_003 : 35 : Username --> admin  entered
2023-07-14 08:13:24,171 : INFO : Test_orangeHRM_DDT : test_orangehrm_login_ddt_003 : 37 : password --> Admin123  entered
2023-07-14 08:13:28,232 : INFO : Test_orangeHRM_DDT : test_orangehrm_login_ddt_003 : 41 : clicking on Login Button
2023-07-14 08:16:52,680 : INFO : Test_orangeHRM_DDT : test_orangehrm_login_ddt_003 : 22 : ************** test_orangehrm_login_DDT_003 ***************** 
2023-07-14 08:16:58,105 : INFO : Test_orangeHRM_DDT : test_orangehrm_login_ddt_003 : 24 : Orange HRM URL opened 
2023-07-14 08:17:01,299 : INFO : Test_orangeHRM_DDT : test_orangehrm_login_ddt_003 : 35 : Username --> Admin  entered
2023-07-14 08:17:01,365 : INFO : Test_orangeHRM_DDT : test_orangehrm_login_ddt_003 : 37 : password --> admin123  entered
2023-07-14 08:17:05,428 : INFO : Test_orangeHRM_DDT : test_orangehrm_login_ddt_003 : 41 : clicking on Login Button
2023-07-14 08:17:05,478 : INFO : Test_orangeHRM_DDT : test_orangehrm_login_ddt_003 : 47 : clicking on profile Button
2023-07-14 08:17:09,740 : INFO : Test_orangeHRM_DDT : test_orangehrm_login_ddt_003 : 50 : Clicking on Logout button
2023-07-14 08:17:09,740 : INFO : Test_orangeHRM_DDT : test_orangehrm_login_ddt_003 : 51 : Login passed with Valid credentials
2023-07-14 08:17:09,790 : INFO : Test_orangeHRM_DDT : test_orangehrm_login_ddt_003 : 35 : Username --> admin  entered
2023-07-14 08:17:09,838 : INFO : Test_orangeHRM_DDT : test_orangehrm_login_ddt_003 : 37 : password --> Admin123  entered
2023-07-14 08:17:13,896 : INFO : Test_orangeHRM_DDT : test_orangehrm_login_ddt_003 : 41 : clicking on Login Button
2023-07-14 08:17:16,971 : INFO : Test_orangeHRM_DDT : test_orangehrm_login_ddt_003 : 63 : Login Failed with invalid credentials
2023-07-14 08:17:17,011 : INFO : Test_orangeHRM_DDT : test_orangehrm_login_ddt_003 : 35 : Username --> ad  entered
2023-07-14 08:17:17,053 : INFO : Test_orangeHRM_DDT : test_orangehrm_login_ddt_003 : 37 : password --> ad123  entered
2023-07-14 08:17:21,116 : INFO : Test_orangeHRM_DDT : test_orangehrm_login_ddt_003 : 41 : clicking on Login Button
2023-07-14 08:17:24,166 : INFO : Test_orangeHRM_DDT : test_orangehrm_login_ddt_003 : 63 : Login Failed with invalid credentials
2023-07-14 08:17:24,209 : INFO : Test_orangeHRM_DDT : test_orangehrm_login_ddt_003 : 35 : Username --> adm  entered
2023-07-14 08:17:24,256 : INFO : Test_orangeHRM_DDT : test_orangehrm_login_ddt_003 : 37 : password --> ad111  entered
2023-07-14 08:17:28,312 : INFO : Test_orangeHRM_DDT : test_orangehrm_login_ddt_003 : 41 : clicking on Login Button
2023-07-14 08:17:31,346 : INFO : Test_orangeHRM_DDT : test_orangehrm_login_ddt_003 : 63 : Login Failed with invalid credentials
2023-07-14 08:23:26,752 : INFO : Test_orangeHRM_DDT : test_orangehrm_login_ddt_003 : 23 : ************** test_orangehrm_login_DDT_003 ***************** 
2023-07-14 08:23:31,769 : INFO : Test_orangeHRM_DDT : test_orangehrm_login_ddt_003 : 25 : Orange HRM URL opened 
2023-07-14 08:23:34,968 : INFO : Test_orangeHRM_DDT : test_orangehrm_login_ddt_003 : 36 : Username --> Admin  entered
2023-07-14 08:23:35,044 : INFO : Test_orangeHRM_DDT : test_orangehrm_login_ddt_003 : 38 : password --> admin123  entered
2023-07-14 08:23:39,101 : INFO : Test_orangeHRM_DDT : test_orangehrm_login_ddt_003 : 42 : clicking on Login Button
2023-07-14 08:23:39,421 : INFO : Test_orangeHRM_DDT : test_orangehrm_login_ddt_003 : 49 : clicking on profile Button
2023-07-14 08:23:42,140 : INFO : Test_orangeHRM_DDT : test_orangehrm_login_ddt_003 : 52 : Clicking on Logout button
2023-07-14 08:23:42,140 : INFO : Test_orangeHRM_DDT : test_orangehrm_login_ddt_003 : 53 : Login passed with Valid credentials
2023-07-14 08:23:42,189 : INFO : Test_orangeHRM_DDT : test_orangehrm_login_ddt_003 : 36 : Username --> admin  entered
2023-07-14 08:23:42,226 : INFO : Test_orangeHRM_DDT : test_orangehrm_login_ddt_003 : 38 : password --> Admin123  entered
2023-07-14 08:23:46,266 : INFO : Test_orangeHRM_DDT : test_orangehrm_login_ddt_003 : 42 : clicking on Login Button
2023-07-14 08:23:49,292 : INFO : Test_orangeHRM_DDT : test_orangehrm_login_ddt_003 : 65 : Login Failed with invalid credentials
2023-07-14 08:23:49,452 : INFO : Test_orangeHRM_DDT : test_orangehrm_login_ddt_003 : 36 : Username --> ad  entered
2023-07-14 08:23:49,506 : INFO : Test_orangeHRM_DDT : test_orangehrm_login_ddt_003 : 38 : password --> ad123  entered
2023-07-14 08:23:53,549 : INFO : Test_orangeHRM_DDT : test_orangehrm_login_ddt_003 : 42 : clicking on Login Button
2023-07-14 08:23:56,608 : INFO : Test_orangeHRM_DDT : test_orangehrm_login_ddt_003 : 65 : Login Failed with invalid credentials
2023-07-14 08:23:56,759 : INFO : Test_orangeHRM_DDT : test_orangehrm_login_ddt_003 : 36 : Username --> adm  entered
2023-07-14 08:23:56,803 : INFO : Test_orangeHRM_DDT : test_orangehrm_login_ddt_003 : 38 : password --> ad111  entered
2023-07-14 08:24:00,845 : INFO : Test_orangeHRM_DDT : test_orangehrm_login_ddt_003 : 42 : clicking on Login Button
2023-07-14 08:24:03,915 : INFO : Test_orangeHRM_DDT : test_orangehrm_login_ddt_003 : 65 : Login Failed with invalid credentials
2023-07-14 12:38:37,349 : INFO : Test_orangeHRM_DDT : test_orangehrm_login_ddt_003 : 23 : ************** test_orangehrm_login_DDT_003 ***************** 
2023-07-14 12:38:37,461 : INFO : Test_homepage : test_inputfield_001 : 16 : ******** test_inputfield_001 *********
2023-07-14 12:38:43,128 : INFO : Test_homepage : test_inputfield_001 : 19 : Opening Url : https://seleniumbase.io/demo_page
2023-07-14 12:38:43,205 : INFO : Test_homepage : test_inputfield_001 : 22 : Enter the text Automationin text box 
2023-07-14 12:38:43,223 : INFO : Test_homepage : test_inputfield_001 : 26 : input text is validated and correct
2023-07-14 12:39:01,970 : INFO : Test_login : test_login_002 : 18 : Opening Orange HRM URL
2023-07-14 12:39:02,069 : INFO : Test_orangeHRM_DDT : test_orangehrm_login_ddt_003 : 25 : Orange HRM URL opened 
2023-07-14 12:39:02,088 : INFO : Test_login : test_login_002 : 20 : Maximize window
2023-07-14 12:39:02,862 : INFO : Test_login : test_login_002 : 24 : Entering Username as :  Admin
2023-07-14 12:39:02,924 : INFO : Test_login : test_login_002 : 26 : Entering Password as :  admin123
2023-07-14 12:39:05,259 : INFO : Test_orangeHRM_DDT : test_orangehrm_login_ddt_003 : 36 : Username --> Admin  entered
2023-07-14 12:39:05,320 : INFO : Test_orangeHRM_DDT : test_orangehrm_login_ddt_003 : 38 : password --> admin123  entered
2023-07-14 12:39:06,935 : INFO : Test_login : test_login_002 : 29 : click on login button
2023-07-14 12:39:07,603 : INFO : Test_login : test_login_002 : 33 : Login Sucessfull, Test Passed
2023-07-14 12:39:10,565 : INFO : Test_orangeHRM_DDT : test_orangehrm_login_ddt_003 : 42 : clicking on Login Button
2023-07-14 12:39:10,894 : INFO : Test_orangeHRM_DDT : test_orangehrm_login_ddt_003 : 49 : clicking on profile Button
2023-07-14 12:39:14,046 : INFO : Test_orangeHRM_DDT : test_orangehrm_login_ddt_003 : 52 : Clicking on Logout button
2023-07-14 12:39:14,046 : INFO : Test_orangeHRM_DDT : test_orangehrm_login_ddt_003 : 53 : Login passed with Valid credentials
2023-07-14 12:39:14,099 : INFO : Test_orangeHRM_DDT : test_orangehrm_login_ddt_003 : 36 : Username --> admin  entered
2023-07-14 12:39:14,156 : INFO : Test_orangeHRM_DDT : test_orangehrm_login_ddt_003 : 38 : password --> Admin123  entered
2023-07-14 12:39:18,200 : INFO : Test_orangeHRM_DDT : test_orangehrm_login_ddt_003 : 42 : clicking on Login Button
2023-07-14 12:39:21,227 : INFO : Test_orangeHRM_DDT : test_orangehrm_login_ddt_003 : 65 : Login Failed with invalid credentials
2023-07-14 12:39:21,384 : INFO : Test_orangeHRM_DDT : test_orangehrm_login_ddt_003 : 36 : Username --> ad  entered
2023-07-14 12:39:21,429 : INFO : Test_orangeHRM_DDT : test_orangehrm_login_ddt_003 : 38 : password --> ad123  entered
2023-07-14 12:39:25,480 : INFO : Test_orangeHRM_DDT : test_orangehrm_login_ddt_003 : 42 : clicking on Login Button
2023-07-14 12:39:28,480 : INFO : Test_orangeHRM_DDT : test_orangehrm_login_ddt_003 : 65 : Login Failed with invalid credentials
2023-07-14 12:39:28,699 : INFO : Test_orangeHRM_DDT : test_orangehrm_login_ddt_003 : 36 : Username --> adm  entered
2023-07-14 12:39:28,746 : INFO : Test_orangeHRM_DDT : test_orangehrm_login_ddt_003 : 38 : password --> ad111  entered
2023-07-14 12:39:32,809 : INFO : Test_orangeHRM_DDT : test_orangehrm_login_ddt_003 : 42 : clicking on Login Button
2023-07-14 12:39:35,810 : INFO : Test_orangeHRM_DDT : test_orangehrm_login_ddt_003 : 65 : Login Failed with invalid credentials
